<?xml version="1.0" encoding="UTF-8"?>
<testng-results skipped="0" failed="0" total="1" passed="1">
  <reporter-output>
  </reporter-output>
  <suite name="Default suite" duration-ms="39021" started-at="2017-11-22T14:12:03Z" finished-at="2017-11-22T14:12:42Z">
    <groups>
    </groups>
    <test name="Default test" duration-ms="39021" started-at="2017-11-22T14:12:03Z" finished-at="2017-11-22T14:12:42Z">
      <class name="com.puma.TestCase.testAddProduct">
        <test-method status="PASS" signature="initializeTestBaseSetup()[pri:0, instance:com.puma.TestCase.testAddProduct@55f3ddb1]" name="initializeTestBaseSetup" is-config="true" duration-ms="8192" started-at="2017-11-22T19:42:03Z" finished-at="2017-11-22T19:42:12Z">
          <reporter-output>
          </reporter-output>
        </test-method> <!-- initializeTestBaseSetup -->
        <test-method status="PASS" signature="BeforeClass()[pri:0, instance:com.puma.TestCase.testAddProduct@55f3ddb1]" name="BeforeClass" is-config="true" duration-ms="180" started-at="2017-11-22T19:42:12Z" finished-at="2017-11-22T19:42:12Z">
          <reporter-output>
          </reporter-output>
        </test-method> <!-- BeforeClass -->
        <test-method status="PASS" signature="testAddToCart()[pri:0, instance:com.puma.TestCase.testAddProduct@55f3ddb1]" name="testAddToCart" duration-ms="30483" started-at="2017-11-22T19:42:12Z" finished-at="2017-11-22T19:42:42Z">
          <reporter-output>
          </reporter-output>
        </test-method> <!-- testAddToCart -->
        <test-method status="PASS" signature="tearDown(org.testng.ITestResult)[pri:0, instance:com.puma.TestCase.testAddProduct@55f3ddb1]" name="tearDown" is-config="true" duration-ms="1" started-at="2017-11-22T19:42:42Z" finished-at="2017-11-22T19:42:42Z">
          <params>
            <param index="0">
              <value>
                <![CDATA[[TestResult name=testAddToCart status=SUCCESS method=testAddProduct.testAddToCart()[pri:0, instance:com.puma.TestCase.testAddProduct@55f3ddb1] output={null}]]]>
              </value>
            </param>
          </params>
          <reporter-output>
          </reporter-output>
        </test-method> <!-- tearDown -->
        <test-method status="PASS" signature="tearDown()[pri:0, instance:com.puma.TestCase.testAddProduct@55f3ddb1]" name="tearDown" is-config="true" duration-ms="132" started-at="2017-11-22T19:42:42Z" finished-at="2017-11-22T19:42:42Z">
          <reporter-output>
          </reporter-output>
        </test-method> <!-- tearDown -->
      </class> <!-- com.puma.TestCase.testAddProduct -->
    </test> <!-- Default test -->
  </suite> <!-- Default suite -->
</testng-results>
